<?xml version="1.0" encoding="UTF-8"?>
<!-- Generated by org.testng.reporters.JUnitXMLReporter -->
<testsuite ignored="0" hostname="DELEQ0283001801" failures="0" tests="9" name="Free CRM App Test Cases" time="91.493" errors="0" timestamp="2022-07-27T14:18:44 CEST">
  <testcase classname="com.crm.qa.testcases.LoginPageTest" name="loginPageTitleTest" time="0.024"/>
  <testcase classname="com.crm.qa.testcases.LoginPageTest" name="crmLogoImageTest" time="0.056"/>
  <testcase classname="com.crm.qa.testcases.LoginPageTest" name="loginTest" time="5.015"/>
  <testcase classname="com.crm.qa.testcases.HomePageTest" name="verifyHomePageTitleTest" time="0.007"/>
  <testcase classname="com.crm.qa.testcases.HomePageTest" name="verifyUserNameTest" time="0.097"/>
  <testcase classname="com.crm.qa.testcases.HomePageTest" name="verifyContactsLink" time="0.992"/>
  <testcase classname="com.crm.qa.testcases.ContactsPageTest" name="verifyContactsLabelTest" time="0.036"/>
  <testcase classname="com.crm.qa.testcases.ContactsPageTest" name="selectContactTest" time="0.123"/>
  <testcase classname="com.crm.qa.testcases.ContactsPageTest" name="selectMultipleContactTest" time="0.152"/>
</testsuite> <!-- Free CRM App Test Cases -->
